<?xml version="1.0" encoding="UTF-8"?>
<!-- Generated by org.testng.reporters.JUnitXMLReporter -->
<testsuite ignored="0" hostname="Aved-K" failures="0" tests="3" name="BrowserLaunch" time="200.628" errors="0" timestamp="2026-04-17T19:24:01 IST">
  <testcase classname="day_course.Basic_Test" name="demo" time="0.012"/>
  <testcase classname="day_course.Basic_Test" name="initializeBrowser" time="200.54"/>
  <testcase classname="test_sample.basics" name="test" time="0.002"/>
</testsuite> <!-- BrowserLaunch -->
