<?xml version="1.0" encoding="UTF-8"?>
<!-- Generated by org.testng.reporters.JUnitXMLReporter -->
<testsuite ignored="2" hostname="Aved-K" failures="0" tests="3" name="Car Loan" time="0.094" errors="0" timestamp="2026-04-18T07:40:34 IST">
  <testcase classname="day_course.Test3" name="mobileLoginCarLoan" time="0.001"/>
  <testcase classname="day_course.Test3" name="mobileSignoutCarLoan" time="0.0"/>
  <testcase classname="day_course.Test3" name="webLoginCarLoan" time="0.0"/>
  <testcase classname="day_course.Test3" name="apiLoginCarLoan" time="0.0">
    <ignored/>
  </testcase> <!-- apiLoginCarLoan -->
  <testcase classname="day_course.Test3" name="mobileSignupCarLoan" time="0.0">
    <ignored/>
  </testcase> <!-- mobileSignupCarLoan -->
</testsuite> <!-- Car Loan -->
