<?xml version="1.0" encoding="UTF-8"?>
<!-- Generated by org.testng.reporters.JUnitXMLReporter -->
<testsuite ignored="1" hostname="Aved-K" failures="2" tests="12" name="Loan" time="191.279" errors="0" timestamp="2026-04-17T19:57:48 IST">
  <testcase classname="day_course.Basic_Test" name="initializeBrowser" time="38.908"/>
  <testcase classname="day_course.Sample_Test" name="automation" time="96.585"/>
  <testcase classname="day_course.Sample_Test" name="cart" time="55.467"/>
  <testcase classname="day_course.Test3" name="mobileLoginCarLoan" time="0.0"/>
  <testcase classname="day_course.Test3" name="mobileSignoutCarLoan" time="0.0">
    <failure type="org.testng.TestNGException" message="
Parameter &amp;apos;URL&amp;apos; is required by @Test on method mobileSignoutCarLoan but has not been marked @Optional or defined
in C:\Users\a\TestNG_Jenkins\test-output\testng2.xml">
      <![CDATA[org.testng.TestNGException: 
Parameter 'URL' is required by @Test on method mobileSignoutCarLoan but has not been marked @Optional or defined
in C:\Users\a\TestNG_Jenkins\test-output\testng2.xml
at java.base/java.util.ArrayList.forEach(ArrayList.java:1511)
... Removed 30 stack frames]]>
    </failure>
  </testcase> <!-- mobileSignoutCarLoan -->
  <testcase classname="day_course.Test3" name="webLoginCarLoan" time="0.0"/>
  <testcase classname="day_course.Test3" name="apiLoginCarLoan" time="0.0"/>
  <testcase classname="day_course.Test4" name="apiLoginHomeLoan" time="0.0">
    <failure type="org.testng.TestNGException" message="
Parameter &amp;apos;URL&amp;apos; is required by @Test on method apiLoginHomeLoan but has not been marked @Optional or defined
in C:\Users\a\TestNG_Jenkins\test-output\testng2.xml">
      <![CDATA[org.testng.TestNGException: 
Parameter 'URL' is required by @Test on method apiLoginHomeLoan but has not been marked @Optional or defined
in C:\Users\a\TestNG_Jenkins\test-output\testng2.xml
at java.base/java.util.ArrayList.forEach(ArrayList.java:1511)
... Removed 30 stack frames]]>
    </failure>
  </testcase> <!-- apiLoginHomeLoan -->
  <testcase classname="day_course.Test4" name="mobileLoginHomeLoan" time="0.002"/>
  <testcase classname="day_course.Test4" name="mobileLoginHomeLoan" time="0.001"/>
  <testcase classname="day_course.Test4" name="mobileLoginHomeLoan" time="0.001"/>
  <testcase classname="day_course.Test4" name="webLoginHomeLoan" time="0.007"/>
  <testcase classname="day_course.Test3" name="mobileSignupCarLoan" time="0.0">
    <ignored/>
  </testcase> <!-- mobileSignupCarLoan -->
</testsuite> <!-- Loan -->
