<?xml version="1.0" encoding="UTF-8"?>
<testng-results ignored="0" total="1" passed="1" failed="0" skipped="0">
  <reporter-output>
  </reporter-output>
  <suite started-at="2026-04-17T21:14:30 IST" name="Default suite" finished-at="2026-04-17T21:14:58 IST" duration-ms="27663">
    <groups>
    </groups>
    <test started-at="2026-04-17T21:14:30 IST" name="Default test" finished-at="2026-04-17T21:14:58 IST" duration-ms="27663">
      <class name="day_course.Basic_Test">
        <test-method signature="initializeBrowser()[pri:0, instance:day_course.Basic_Test@6c6cb480]" started-at="2026-04-17T21:14:30 IST" name="initializeBrowser" finished-at="2026-04-17T21:14:58 IST" duration-ms="27586" status="PASS">
          <reporter-output>
          </reporter-output>
        </test-method> <!-- initializeBrowser -->
      </class> <!-- day_course.Basic_Test -->
    </test> <!-- Default test -->
  </suite> <!-- Default suite -->
</testng-results>
