<?xml version="1.0" encoding="UTF-8"?>
<!-- Generated by org.testng.reporters.JUnitReportReporter -->
<testsuite hostname="Aved-K" failures="0" tests="4" name="day_course.Test4" time="0.017" errors="0" timestamp="2026-04-18T07:44:53 IST" skipped="0">
  <testcase classname="day_course.Test4" name="mobileLoginHomeLoan" time="0.000"/>
  <system-out/>
  <testcase classname="day_course.Test4" name="mobileLoginHomeLoan" time="0.006"/>
  <system-out/>
  <testcase classname="day_course.Test4" name="webLoginHomeLoan" time="0.010"/>
  <system-out/>
  <testcase classname="day_course.Test4" name="mobileLoginHomeLoan" time="0.001"/>
  <system-out/>
</testsuite> <!-- day_course.Test4 -->
