<?xml version="1.0" encoding="UTF-8"?>
<!-- Generated by org.testng.reporters.JUnitReportReporter -->
<testsuite hostname="Aved-K" failures="0" tests="4" name="day_course.Test3" time="0.002" errors="0" timestamp="2026-04-18T07:44:53 IST" skipped="1">
  <testcase classname="day_course.Test3" name="mobileLoginCarLoan" time="0.001"/>
  <system-out/>
  <testcase classname="day_course.Test3" name="mobileSignoutCarLoan" time="0.000"/>
  <system-out/>
  <testcase classname="day_course.Test3" name="webLoginCarLoan" time="0.001"/>
  <system-out/>
  <testcase classname="day_course.Test3" name="mobileSignupCarLoan">
    <skipped/>
  </testcase> <!-- mobileSignupCarLoan -->
  <system-out/>
</testsuite> <!-- day_course.Test3 -->
